2019-11-08 13:33:50,283 CRIT Supervisor running as root (no user in config file)
2019-11-08 13:33:50,285 INFO Included extra file "/etc/supervisor/conf.d/supervisord.conf" during parsing
2019-11-08 13:33:50,411 INFO RPC interface 'supervisor' initialized
2019-11-08 13:33:50,412 CRIT Server 'unix_http_server' running without any HTTP authentication checking
2019-11-08 13:33:50,414 INFO supervisord started with pid 1
2019-11-08 13:33:51,424 INFO spawned: 'varnishd' with pid 15
2019-11-08 13:33:51,530 INFO spawned: 'php-fpm' with pid 16
2019-11-08 13:33:51,545 INFO spawned: 'varnish-plugins-watcher' with pid 17
2019-11-08 13:33:51,774 INFO spawned: 'nginx' with pid 18
2019-11-08 13:33:51,791 INFO spawned: 'MailHog' with pid 19
2019-11-08 13:33:51,833 INFO spawned: 'mysql' with pid 20
2019-11-08 13:33:51,870 INFO spawned: 'varnish-themes-watcher' with pid 21
2019-11-08 13:33:52,882 INFO success: varnishd entered RUNNING state, process has stayed up for > than 1 seconds (startsecs)
2019-11-08 13:33:52,883 INFO success: php-fpm entered RUNNING state, process has stayed up for > than 1 seconds (startsecs)
2019-11-08 13:33:52,884 INFO success: varnish-plugins-watcher entered RUNNING state, process has stayed up for > than 1 seconds (startsecs)
2019-11-08 13:33:52,885 INFO success: nginx entered RUNNING state, process has stayed up for > than 1 seconds (startsecs)
2019-11-08 13:33:52,886 INFO success: MailHog entered RUNNING state, process has stayed up for > than 1 seconds (startsecs)
2019-11-08 13:33:52,887 INFO success: mysql entered RUNNING state, process has stayed up for > than 1 seconds (startsecs)
2019-11-08 13:33:52,890 INFO success: varnish-themes-watcher entered RUNNING state, process has stayed up for > than 1 seconds (startsecs)
2019-11-09 06:32:28,267 WARN received SIGTERM indicating exit request
2019-11-09 06:32:28,279 INFO waiting for varnishd, php-fpm, varnish-plugins-watcher, nginx, MailHog, mysql, varnish-themes-watcher to die
2019-11-09 06:32:28,447 INFO stopped: varnish-themes-watcher (terminated by SIGTERM)
2019-11-09 06:32:28,448 INFO reaped unknown pid 20686
2019-11-09 06:32:28,562 INFO stopped: mysql (exit status 0)
2019-11-09 06:32:28,612 INFO stopped: MailHog (terminated by SIGTERM)
2019-11-09 06:32:28,832 INFO stopped: nginx (exit status 0)
2019-11-09 06:32:29,837 INFO stopped: varnish-plugins-watcher (terminated by SIGTERM)
2019-11-09 06:32:30,033 INFO stopped: php-fpm (exit status 0)
2019-11-09 06:32:32,202 INFO waiting for varnishd to die
2019-11-09 06:32:33,750 INFO reaped unknown pid 20697
2019-11-09 06:32:35,754 INFO waiting for varnishd to die
2019-11-09 06:32:38,761 INFO waiting for varnishd to die
2019-11-09 06:32:40,767 WARN killing 'varnishd' (15) with SIGKILL
2019-11-09 06:32:41,771 INFO waiting for varnishd to die
2019-11-09 06:32:44,781 INFO waiting for varnishd to die
2019-11-13 07:50:57,610 CRIT Supervisor running as root (no user in config file)
2019-11-13 07:50:57,613 INFO Included extra file "/etc/supervisor/conf.d/supervisord.conf" during parsing
2019-11-13 07:50:58,922 INFO RPC interface 'supervisor' initialized
2019-11-13 07:50:58,923 CRIT Server 'unix_http_server' running without any HTTP authentication checking
2019-11-13 07:50:58,926 INFO supervisord started with pid 1
2019-11-13 07:50:59,935 INFO spawned: 'varnishd' with pid 124
2019-11-13 07:51:00,495 INFO spawned: 'php-fpm' with pid 125
2019-11-13 07:51:00,511 INFO spawned: 'varnish-plugins-watcher' with pid 126
2019-11-13 07:51:02,283 INFO spawned: 'nginx' with pid 135
2019-11-13 07:51:02,299 INFO spawned: 'MailHog' with pid 136
2019-11-13 07:51:02,322 INFO spawned: 'mysql' with pid 137
2019-11-13 07:51:02,353 INFO spawned: 'varnish-themes-watcher' with pid 138
2019-11-13 07:51:03,380 INFO success: varnishd entered RUNNING state, process has stayed up for > than 1 seconds (startsecs)
2019-11-13 07:51:03,382 INFO success: php-fpm entered RUNNING state, process has stayed up for > than 1 seconds (startsecs)
2019-11-13 07:51:03,383 INFO success: varnish-plugins-watcher entered RUNNING state, process has stayed up for > than 1 seconds (startsecs)
2019-11-13 07:51:03,387 INFO success: nginx entered RUNNING state, process has stayed up for > than 1 seconds (startsecs)
2019-11-13 07:51:03,391 INFO success: MailHog entered RUNNING state, process has stayed up for > than 1 seconds (startsecs)
2019-11-13 07:51:03,392 INFO success: mysql entered RUNNING state, process has stayed up for > than 1 seconds (startsecs)
2019-11-13 07:51:03,393 INFO success: varnish-themes-watcher entered RUNNING state, process has stayed up for > than 1 seconds (startsecs)
2019-11-13 12:58:10,916 WARN received SIGTERM indicating exit request
2019-11-13 12:58:10,965 INFO waiting for varnishd, php-fpm, varnish-plugins-watcher, nginx, MailHog, mysql, varnish-themes-watcher to die
2019-11-13 12:58:11,968 INFO stopped: varnish-themes-watcher (terminated by SIGTERM)
2019-11-13 12:58:12,024 INFO stopped: mysql (exit status 0)
2019-11-13 12:58:12,029 INFO stopped: MailHog (terminated by SIGTERM)
2019-11-13 12:58:12,195 INFO stopped: nginx (exit status 0)
2019-11-13 12:58:12,937 INFO stopped: varnish-plugins-watcher (terminated by SIGTERM)
2019-11-13 12:58:12,947 INFO reaped unknown pid 12355
2019-11-13 12:58:12,949 INFO reaped unknown pid 12354
2019-11-13 12:58:13,481 INFO stopped: php-fpm (exit status 0)
2019-11-13 12:58:14,506 INFO waiting for varnishd to die
2019-11-13 12:58:16,786 INFO stopped: varnishd (exit status 0)
2019-11-21 05:47:47,633 CRIT Supervisor running as root (no user in config file)
2019-11-21 05:47:47,673 INFO Included extra file "/etc/supervisor/conf.d/supervisord.conf" during parsing
2019-11-21 05:47:48,043 INFO RPC interface 'supervisor' initialized
2019-11-21 05:47:48,044 CRIT Server 'unix_http_server' running without any HTTP authentication checking
2019-11-21 05:47:48,052 INFO supervisord started with pid 1
2019-11-21 05:47:49,236 INFO spawned: 'varnishd' with pid 109
2019-11-21 05:47:49,387 INFO spawned: 'php-fpm' with pid 110
2019-11-21 05:47:49,469 INFO spawned: 'varnish-plugins-watcher' with pid 112
2019-11-21 05:47:49,656 INFO spawned: 'nginx' with pid 113
2019-11-21 05:47:49,676 INFO spawned: 'MailHog' with pid 114
2019-11-21 05:47:49,755 INFO spawned: 'mysql' with pid 115
2019-11-21 05:47:49,816 INFO spawned: 'varnish-themes-watcher' with pid 116
2019-11-21 05:47:50,792 INFO success: varnishd entered RUNNING state, process has stayed up for > than 1 seconds (startsecs)
2019-11-21 05:47:50,800 INFO success: php-fpm entered RUNNING state, process has stayed up for > than 1 seconds (startsecs)
2019-11-21 05:47:50,814 INFO success: varnish-plugins-watcher entered RUNNING state, process has stayed up for > than 1 seconds (startsecs)
2019-11-21 05:47:50,849 INFO success: nginx entered RUNNING state, process has stayed up for > than 1 seconds (startsecs)
2019-11-21 05:47:50,850 INFO success: MailHog entered RUNNING state, process has stayed up for > than 1 seconds (startsecs)
2019-11-21 05:47:50,852 INFO success: mysql entered RUNNING state, process has stayed up for > than 1 seconds (startsecs)
2019-11-21 05:47:50,854 INFO success: varnish-themes-watcher entered RUNNING state, process has stayed up for > than 1 seconds (startsecs)
2019-11-21 09:40:37,237 WARN received SIGTERM indicating exit request
2019-11-21 09:40:37,376 INFO waiting for varnishd, php-fpm, varnish-plugins-watcher, nginx, MailHog, mysql, varnish-themes-watcher to die
2019-11-21 09:40:38,427 INFO stopped: varnish-themes-watcher (terminated by SIGTERM)
2019-11-21 09:40:38,834 INFO stopped: mysql (exit status 0)
2019-11-21 09:40:38,871 INFO stopped: MailHog (terminated by SIGTERM)
2019-11-21 09:40:39,004 INFO stopped: nginx (exit status 0)
2019-11-21 09:40:39,960 INFO stopped: varnish-plugins-watcher (terminated by SIGTERM)
2019-11-21 09:40:39,967 INFO reaped unknown pid 11729
2019-11-21 09:40:40,509 INFO stopped: php-fpm (exit status 0)
2019-11-21 09:40:40,558 INFO waiting for varnishd to die
2019-11-21 09:40:43,502 INFO stopped: varnishd (exit status 0)
